

Started GET "/assets/rails.png" for 127.0.0.1 at 2011-09-07 18:04:42 -0700
Served asset /rails.png - 304 Not Modified (9ms)
  [1m[36m (0.2ms)[0m  [1mselect sqlite_version(*)[0m
  [1m[35m (12.5ms)[0m  CREATE TABLE "schema_migrations" ("version" varchar(255) NOT NULL) 
  [1m[36m (0.1ms)[0m  [1mPRAGMA index_list("schema_migrations")[0m
  [1m[35m (4.2ms)[0m  CREATE UNIQUE INDEX "unique_schema_migrations" ON "schema_migrations" ("version")
  [1m[36m (0.2ms)[0m  [1mSELECT "schema_migrations"."version" FROM "schema_migrations" [0m
Migrating to CreateUsers (20110909203110)
  [1m[35m (1.0ms)[0m  CREATE TABLE "users" ("id" INTEGER PRIMARY KEY AUTOINCREMENT NOT NULL, "name" varchar(255), "username" varchar(255), "email" varchar(255), "created_at" datetime, "updated_at" datetime) 
  [1m[36m (0.4ms)[0m  [1mINSERT INTO "schema_migrations" ("version") VALUES ('20110909203110')[0m
  [1m[35m (0.6ms)[0m  select sqlite_version(*)
  [1m[36m (0.3ms)[0m  [1mSELECT "schema_migrations"."version" FROM "schema_migrations" [0m
  [1m[35m (0.1ms)[0m  PRAGMA index_list("users")


Started GET "/assets/rails.png" for 127.0.0.1 at 2011-09-09 14:38:27 -0700
Served asset /rails.png - 200 OK (23ms)


Started GET "/users" for 127.0.0.1 at 2011-09-09 14:38:30 -0700
  Processing by UsersController#index as HTML
  [1m[36mUser Load (0.4ms)[0m  [1mSELECT "users".* FROM "users" [0m
Rendered users/index.html.erb within layouts/application (180.3ms)
Compiled application.css  (15ms)  (pid 3835)
Compiled scaffolds.css  (89ms)  (pid 3835)
Compiled users.css  (3ms)  (pid 3835)
Compiled application.js  (16ms)  (pid 3835)
Compiled jquery.js  (34ms)  (pid 3835)
Compiled jquery_ujs.js  (2ms)  (pid 3835)
Compiled users.js  (259ms)  (pid 3835)
Completed 200 OK in 1081ms (Views: 1064.0ms | ActiveRecord: 0.4ms)


Started GET "/assets/application.css?body=1" for 127.0.0.1 at 2011-09-09 14:38:32 -0700
Served asset /application.css - 200 OK (237ms)


Started GET "/assets/users.css?body=1" for 127.0.0.1 at 2011-09-09 14:38:33 -0700
Served asset /users.css - 200 OK (33ms)


Started GET "/assets/users.js?body=1" for 127.0.0.1 at 2011-09-09 14:38:33 -0700
Served asset /users.js - 200 OK (32ms)


Started GET "/assets/jquery_ujs.js?body=1" for 127.0.0.1 at 2011-09-09 14:38:33 -0700
Served asset /jquery_ujs.js - 200 OK (38ms)


Started GET "/assets/scaffolds.css?body=1" for 127.0.0.1 at 2011-09-09 14:38:33 -0700
Served asset /scaffolds.css - 200 OK (32ms)


Started GET "/assets/jquery.js?body=1" for 127.0.0.1 at 2011-09-09 14:38:33 -0700
Served asset /jquery.js - 200 OK (22ms)


Started GET "/assets/application.js?body=1" for 127.0.0.1 at 2011-09-09 14:38:33 -0700
Served asset /application.js - 200 OK (36ms)


Started GET "/assets/rails.png" for 127.0.0.1 at 2011-09-11 15:02:19 -0700
Served asset /rails.png - 200 OK (17ms)


Started GET "/rails/info/properties" for 127.0.0.1 at 2011-09-11 15:02:25 -0700
  [1m[36m (0.3ms)[0m  [1mSELECT "schema_migrations"."version" FROM "schema_migrations" [0m
  Processing by Rails::InfoController#properties as HTML
Rendered inline template (86.7ms)
Completed 200 OK in 412ms (Views: 410.3ms | ActiveRecord: 0.0ms)


Started GET "/users" for 127.0.0.1 at 2011-09-11 15:02:34 -0700
  Processing by UsersController#index as HTML
  [1m[35mUser Load (0.3ms)[0m  SELECT "users".* FROM "users" 
Rendered users/index.html.erb within layouts/application (6.2ms)
Completed 200 OK in 119ms (Views: 116.2ms | ActiveRecord: 0.3ms)


Started GET "/assets/application.css?body=1" for 127.0.0.1 at 2011-09-11 15:02:35 -0700
Served asset /application.css - 200 OK (4ms)


Started GET "/assets/scaffolds.css?body=1" for 127.0.0.1 at 2011-09-11 15:02:35 -0700
Served asset /scaffolds.css - 200 OK (57ms)


Started GET "/assets/jquery.js?body=1" for 127.0.0.1 at 2011-09-11 15:02:35 -0700
Served asset /jquery.js - 200 OK (23ms)


Started GET "/assets/application.js?body=1" for 127.0.0.1 at 2011-09-11 15:02:35 -0700
Served asset /application.js - 200 OK (10ms)


Started GET "/assets/users.js?body=1" for 127.0.0.1 at 2011-09-11 15:02:35 -0700
Served asset /users.js - 200 OK (20ms)


Started GET "/assets/jquery_ujs.js?body=1" for 127.0.0.1 at 2011-09-11 15:02:35 -0700
Served asset /jquery_ujs.js - 200 OK (16ms)


Started GET "/assets/users.css?body=1" for 127.0.0.1 at 2011-09-11 15:02:35 -0700
Served asset /users.css - 200 OK (21ms)


Started GET "/users/new" for 127.0.0.1 at 2011-09-11 15:02:39 -0700
  Processing by UsersController#new as HTML
Rendered users/_form.html.erb (128.6ms)
Rendered users/new.html.erb within layouts/application (241.8ms)
Completed 200 OK in 274ms (Views: 271.5ms | ActiveRecord: 0.7ms)


Started GET "/assets/application.css?body=1" for 127.0.0.1 at 2011-09-11 15:02:39 -0700
Served asset /application.css - 304 Not Modified (0ms)


Started GET "/assets/scaffolds.css?body=1" for 127.0.0.1 at 2011-09-11 15:02:39 -0700
Served asset /scaffolds.css - 304 Not Modified (0ms)


Started GET "/assets/users.js?body=1" for 127.0.0.1 at 2011-09-11 15:02:39 -0700
Served asset /users.js - 304 Not Modified (0ms)


Started GET "/assets/users.css?body=1" for 127.0.0.1 at 2011-09-11 15:02:39 -0700
Served asset /users.css - 304 Not Modified (0ms)


Started GET "/assets/jquery_ujs.js?body=1" for 127.0.0.1 at 2011-09-11 15:02:39 -0700
Served asset /jquery_ujs.js - 304 Not Modified (0ms)


Started GET "/assets/jquery.js?body=1" for 127.0.0.1 at 2011-09-11 15:02:39 -0700
Served asset /jquery.js - 304 Not Modified (0ms)


Started GET "/assets/application.js?body=1" for 127.0.0.1 at 2011-09-11 15:02:39 -0700
Served asset /application.js - 304 Not Modified (1ms)


Started POST "/users" for 127.0.0.1 at 2011-09-11 15:02:55 -0700
  Processing by UsersController#create as HTML
  Parameters: {"utf8"=>"✓", "authenticity_token"=>"s1EJkyR7jeKi0SgZBbGjrRLPwEeJSf+MTaeTEcjkQ9U=", "user"=>{"name"=>"Stephen Thomas", "username"=>"sthomas", "email"=>"sthomas1618@gmail.com"}, "commit"=>"Create User"}
  [1m[36mSQL (119.5ms)[0m  [1mINSERT INTO "users" ("created_at", "email", "name", "updated_at", "username") VALUES (?, ?, ?, ?, ?)[0m  [["created_at", Sun, 11 Sep 2011 22:02:55 UTC +00:00], ["email", "sthomas1618@gmail.com"], ["name", "Stephen Thomas"], ["updated_at", Sun, 11 Sep 2011 22:02:55 UTC +00:00], ["username", "sthomas"]]
Redirected to http://0.0.0.0:3000/users/1
Completed 302 Found in 155ms


Started GET "/users/1" for 127.0.0.1 at 2011-09-11 15:02:55 -0700
  Processing by UsersController#show as HTML
  Parameters: {"id"=>"1"}
  [1m[35mUser Load (0.5ms)[0m  SELECT "users".* FROM "users" WHERE "users"."id" = ? LIMIT 1  [["id", "1"]]
Rendered users/show.html.erb within layouts/application (29.1ms)
Completed 200 OK in 55ms (Views: 46.7ms | ActiveRecord: 1.5ms)


Started GET "/assets/application.css?body=1" for 127.0.0.1 at 2011-09-11 15:02:55 -0700
Served asset /application.css - 304 Not Modified (0ms)


Started GET "/assets/jquery_ujs.js?body=1" for 127.0.0.1 at 2011-09-11 15:02:55 -0700
Served asset /jquery_ujs.js - 304 Not Modified (0ms)


Started GET "/assets/users.css?body=1" for 127.0.0.1 at 2011-09-11 15:02:55 -0700
Served asset /users.css - 304 Not Modified (0ms)


Started GET "/assets/scaffolds.css?body=1" for 127.0.0.1 at 2011-09-11 15:02:55 -0700
Served asset /scaffolds.css - 304 Not Modified (0ms)


Started GET "/assets/users.js?body=1" for 127.0.0.1 at 2011-09-11 15:02:55 -0700
Served asset /users.js - 304 Not Modified (0ms)


Started GET "/assets/jquery.js?body=1" for 127.0.0.1 at 2011-09-11 15:02:55 -0700
Served asset /jquery.js - 304 Not Modified (0ms)


Started GET "/assets/application.js?body=1" for 127.0.0.1 at 2011-09-11 15:02:55 -0700
Served asset /application.js - 304 Not Modified (0ms)


Started GET "/users/1/edit" for 127.0.0.1 at 2011-09-11 15:02:59 -0700
  Processing by UsersController#edit as HTML
  Parameters: {"id"=>"1"}
  [1m[36mUser Load (0.3ms)[0m  [1mSELECT "users".* FROM "users" WHERE "users"."id" = ? LIMIT 1[0m  [["id", "1"]]
Rendered users/_form.html.erb (20.7ms)
Rendered users/edit.html.erb within layouts/application (27.0ms)
Completed 200 OK in 62ms (Views: 52.6ms | ActiveRecord: 2.7ms)


Started GET "/assets/application.css?body=1" for 127.0.0.1 at 2011-09-11 15:02:59 -0700
Served asset /application.css - 304 Not Modified (0ms)


Started GET "/assets/scaffolds.css?body=1" for 127.0.0.1 at 2011-09-11 15:02:59 -0700
Served asset /scaffolds.css - 304 Not Modified (0ms)


Started GET "/assets/users.css?body=1" for 127.0.0.1 at 2011-09-11 15:02:59 -0700
Served asset /users.css - 304 Not Modified (0ms)


Started GET "/assets/jquery.js?body=1" for 127.0.0.1 at 2011-09-11 15:02:59 -0700
Served asset /jquery.js - 304 Not Modified (0ms)


Started GET "/assets/jquery_ujs.js?body=1" for 127.0.0.1 at 2011-09-11 15:02:59 -0700
Served asset /jquery_ujs.js - 304 Not Modified (0ms)


Started GET "/assets/users.js?body=1" for 127.0.0.1 at 2011-09-11 15:02:59 -0700
Served asset /users.js - 304 Not Modified (0ms)


Started GET "/assets/application.js?body=1" for 127.0.0.1 at 2011-09-11 15:02:59 -0700
Served asset /application.js - 304 Not Modified (0ms)


Started GET "/users" for 127.0.0.1 at 2011-09-11 15:03:01 -0700
  Processing by UsersController#index as HTML
  [1m[35mUser Load (0.3ms)[0m  SELECT "users".* FROM "users" 
Rendered users/index.html.erb within layouts/application (19.0ms)
Completed 200 OK in 45ms (Views: 35.0ms | ActiveRecord: 1.2ms)


Started GET "/assets/scaffolds.css?body=1" for 127.0.0.1 at 2011-09-11 15:03:01 -0700
Served asset /scaffolds.css - 304 Not Modified (0ms)


Started GET "/assets/jquery.js?body=1" for 127.0.0.1 at 2011-09-11 15:03:01 -0700
Served asset /jquery.js - 304 Not Modified (0ms)


Started GET "/assets/users.css?body=1" for 127.0.0.1 at 2011-09-11 15:03:01 -0700
Served asset /users.css - 304 Not Modified (0ms)


Started GET "/assets/jquery_ujs.js?body=1" for 127.0.0.1 at 2011-09-11 15:03:01 -0700
Served asset /jquery_ujs.js - 304 Not Modified (0ms)


Started GET "/assets/users.js?body=1" for 127.0.0.1 at 2011-09-11 15:03:01 -0700
Served asset /users.js - 304 Not Modified (0ms)


Started GET "/assets/application.css?body=1" for 127.0.0.1 at 2011-09-11 15:03:01 -0700
Served asset /application.css - 304 Not Modified (0ms)


Started GET "/assets/application.js?body=1" for 127.0.0.1 at 2011-09-11 15:03:01 -0700
Served asset /application.js - 304 Not Modified (0ms)


Started GET "/new" for 127.0.0.1 at 2011-09-11 15:03:10 -0700

ActionController::RoutingError (No route matches [GET] "/new"):
  

Rendered /home/stephen/.rvm/gems/ruby-1.9.2-p290/gems/actionpack-3.1.0/lib/action_dispatch/middleware/templates/rescues/routing_error.erb within rescues/layout (7.7ms)


Started GET "/users/new" for 127.0.0.1 at 2011-09-11 15:03:21 -0700
  Processing by UsersController#new as HTML
Rendered users/_form.html.erb (37.5ms)
Rendered users/new.html.erb within layouts/application (42.8ms)
Completed 200 OK in 79ms (Views: 76.6ms | ActiveRecord: 0.6ms)


Started GET "/assets/application.css?body=1" for 127.0.0.1 at 2011-09-11 15:03:21 -0700
Served asset /application.css - 304 Not Modified (0ms)


Started GET "/assets/scaffolds.css?body=1" for 127.0.0.1 at 2011-09-11 15:03:21 -0700
Served asset /scaffolds.css - 304 Not Modified (0ms)


Started GET "/assets/users.js?body=1" for 127.0.0.1 at 2011-09-11 15:03:21 -0700
Served asset /users.js - 304 Not Modified (0ms)


Started GET "/assets/users.css?body=1" for 127.0.0.1 at 2011-09-11 15:03:21 -0700
Served asset /users.css - 304 Not Modified (3ms)


Started GET "/assets/jquery.js?body=1" for 127.0.0.1 at 2011-09-11 15:03:21 -0700
Served asset /jquery.js - 304 Not Modified (0ms)


Started GET "/assets/jquery_ujs.js?body=1" for 127.0.0.1 at 2011-09-11 15:03:21 -0700
Served asset /jquery_ujs.js - 304 Not Modified (0ms)


Started GET "/assets/application.js?body=1" for 127.0.0.1 at 2011-09-11 15:03:21 -0700
Served asset /application.js - 304 Not Modified (0ms)


Started GET "/users" for 127.0.0.1 at 2011-09-11 15:03:27 -0700
  Processing by UsersController#index as HTML
  [1m[36mUser Load (0.2ms)[0m  [1mSELECT "users".* FROM "users" [0m
Rendered users/index.html.erb within layouts/application (32.4ms)
Completed 200 OK in 66ms (Views: 54.0ms | ActiveRecord: 3.3ms)


Started GET "/assets/application.css?body=1" for 127.0.0.1 at 2011-09-11 15:03:27 -0700
Served asset /application.css - 304 Not Modified (0ms)


Started GET "/assets/users.css?body=1" for 127.0.0.1 at 2011-09-11 15:03:27 -0700
Served asset /users.css - 304 Not Modified (0ms)


Started GET "/assets/jquery.js?body=1" for 127.0.0.1 at 2011-09-11 15:03:27 -0700
Served asset /jquery.js - 304 Not Modified (0ms)


Started GET "/assets/users.js?body=1" for 127.0.0.1 at 2011-09-11 15:03:27 -0700
Served asset /users.js - 304 Not Modified (0ms)


Started GET "/assets/jquery_ujs.js?body=1" for 127.0.0.1 at 2011-09-11 15:03:27 -0700
Served asset /jquery_ujs.js - 304 Not Modified (0ms)


Started GET "/assets/application.js?body=1" for 127.0.0.1 at 2011-09-11 15:03:27 -0700
Served asset /application.js - 304 Not Modified (3ms)


Started GET "/assets/scaffolds.css?body=1" for 127.0.0.1 at 2011-09-11 15:03:28 -0700
Served asset /scaffolds.css - 304 Not Modified (0ms)
  [1m[36m (0.3ms)[0m  [1mSELECT "schema_migrations"."version" FROM "schema_migrations" [0m
Migrating to CreateUsers (20111014075000)
  [1m[35m (0.2ms)[0m  select sqlite_version(*)
  [1m[36m (0.4ms)[0m  [1mCREATE TABLE "users" ("id" INTEGER PRIMARY KEY AUTOINCREMENT NOT NULL, "name" varchar(255), "username" varchar(255), "email" varchar(255), "encrypted_password" varchar(255), "salt" varchar(255), "created_at" datetime, "updated_at" datetime) [0m
SQLite3::SQLException: table "users" already exists: CREATE TABLE "users" ("id" INTEGER PRIMARY KEY AUTOINCREMENT NOT NULL, "name" varchar(255), "username" varchar(255), "email" varchar(255), "encrypted_password" varchar(255), "salt" varchar(255), "created_at" datetime, "updated_at" datetime) 
  [1m[36m (0.3ms)[0m  [1mSELECT "schema_migrations"."version" FROM "schema_migrations" [0m
Migrating to CreateUsers (20111014075000)
  [1m[35m (0.2ms)[0m  select sqlite_version(*)
  [1m[36m (1.1ms)[0m  [1mDROP TABLE "users"[0m
  [1m[35m (0.5ms)[0m  CREATE TABLE "users" ("id" INTEGER PRIMARY KEY AUTOINCREMENT NOT NULL, "name" varchar(255), "username" varchar(255), "email" varchar(255), "encrypted_password" varchar(255), "salt" varchar(255), "created_at" datetime, "updated_at" datetime) 
  [1m[36m (0.4ms)[0m  [1mINSERT INTO "schema_migrations" ("version") VALUES ('20111014075000')[0m
  [1m[35m (0.6ms)[0m  select sqlite_version(*)
  [1m[36m (0.3ms)[0m  [1mSELECT "schema_migrations"."version" FROM "schema_migrations" [0m
  [1m[35m (0.2ms)[0m  PRAGMA index_list("users")
  [1m[36m (0.3ms)[0m  [1mSELECT "schema_migrations"."version" FROM "schema_migrations" [0m
  [1m[35m (0.5ms)[0m  select sqlite_version(*)
  [1m[36m (7.5ms)[0m  [1mCREATE TABLE "users" ("id" INTEGER PRIMARY KEY AUTOINCREMENT NOT NULL, "name" varchar(255), "username" varchar(255), "email" varchar(255), "encrypted_password" varchar(255), "salt" varchar(255), "created_at" datetime, "updated_at" datetime) [0m
  [1m[35m (3.2ms)[0m  CREATE TABLE "schema_migrations" ("version" varchar(255) NOT NULL) 
  [1m[36m (0.1ms)[0m  [1mPRAGMA index_list("schema_migrations")[0m
  [1m[35m (10.3ms)[0m  CREATE UNIQUE INDEX "unique_schema_migrations" ON "schema_migrations" ("version")
  [1m[36m (0.2ms)[0m  [1mSELECT version FROM "schema_migrations"[0m
  [1m[35m (10.4ms)[0m  INSERT INTO "schema_migrations" (version) VALUES ('20111014075000')
  [1m[36m (0.3ms)[0m  [1mSELECT "schema_migrations"."version" FROM "schema_migrations" [0m
Migrating to CreateUsers (20111014075000)
Migrating to AddEmailUniquenessIndex (20111014172812)
  [1m[35m (0.2ms)[0m  select sqlite_version(*)
  [1m[36m (0.1ms)[0m  [1mPRAGMA index_list("users")[0m
  [1m[35m (1.0ms)[0m  CREATE UNIQUE INDEX "index_users_on_email" ON "users" ("email")
  [1m[36m (0.1ms)[0m  [1mPRAGMA index_list("users")[0m
  [1m[35m (0.1ms)[0m  PRAGMA index_info('index_users_on_email')
  [1m[36m (0.6ms)[0m  [1mCREATE UNIQUE INDEX "index_users_on_username" ON "users" ("username")[0m
  [1m[35m (0.3ms)[0m  INSERT INTO "schema_migrations" ("version") VALUES ('20111014172812')
  [1m[36m (0.6ms)[0m  [1mselect sqlite_version(*)[0m
  [1m[35m (0.2ms)[0m  SELECT "schema_migrations"."version" FROM "schema_migrations" 
  [1m[36m (0.1ms)[0m  [1mPRAGMA index_list("users")[0m
  [1m[35m (0.1ms)[0m  PRAGMA index_info('index_users_on_username')
  [1m[36m (0.1ms)[0m  [1mPRAGMA index_info('index_users_on_email')[0m
  [1m[36m (0.3ms)[0m  [1mSELECT "schema_migrations"."version" FROM "schema_migrations" [0m
Migrating to CreateUsers (20111014075000)
Migrating to AddEmailUniquenessIndex (20111014172812)
  [1m[35m (0.7ms)[0m  select sqlite_version(*)
  [1m[36m (0.2ms)[0m  [1mSELECT "schema_migrations"."version" FROM "schema_migrations" [0m
  [1m[35m (0.1ms)[0m  PRAGMA index_list("users")
  [1m[36m (0.1ms)[0m  [1mPRAGMA index_info('index_users_on_username')[0m
  [1m[35m (0.1ms)[0m  PRAGMA index_info('index_users_on_email')
  [1m[36m (0.3ms)[0m  [1mSELECT "schema_migrations"."version" FROM "schema_migrations" [0m
  [1m[35m (0.3ms)[0m  SELECT "schema_migrations"."version" FROM "schema_migrations" 
Migrating to AddEmailUniquenessIndex (20111014172812)
  [1m[36m (0.6ms)[0m  [1mselect sqlite_version(*)[0m
  [1m[35m (0.2ms)[0m  PRAGMA index_list("users")
  [1m[36m (0.1ms)[0m  [1mPRAGMA index_info('index_users_on_username')[0m
  [1m[35m (0.1ms)[0m  PRAGMA index_info('index_users_on_email')
  [1m[36m (0.9ms)[0m  [1mDROP INDEX "index_users_on_email"[0m
  [1m[35m (0.2ms)[0m  PRAGMA index_list("users")
  [1m[36m (0.3ms)[0m  [1mPRAGMA index_info('index_users_on_username')[0m
  [1m[35m (2.6ms)[0m  DROP INDEX "index_users_on_username"
  [1m[36m (15.2ms)[0m  [1mDELETE FROM "schema_migrations" WHERE "schema_migrations"."version" = '20111014172812'[0m
  [1m[35m (0.6ms)[0m  select sqlite_version(*)
  [1m[36m (0.4ms)[0m  [1mSELECT "schema_migrations"."version" FROM "schema_migrations" [0m
  [1m[35m (0.1ms)[0m  PRAGMA index_list("users")
  [1m[36m (0.3ms)[0m  [1mSELECT "schema_migrations"."version" FROM "schema_migrations" [0m
Migrating to CreateUsers (20111014075000)
Migrating to AddEmailUniquenessIndex (20111014172812)
  [1m[35m (0.1ms)[0m  select sqlite_version(*)
  [1m[36m (0.2ms)[0m  [1mPRAGMA index_list("users")[0m
  [1m[35m (1.0ms)[0m  CREATE UNIQUE INDEX "index_users_on_email" ON "users" ("email")
  [1m[36m (0.1ms)[0m  [1mPRAGMA index_list("users")[0m
  [1m[35m (0.1ms)[0m  PRAGMA index_info('index_users_on_email')
  [1m[36m (0.6ms)[0m  [1mCREATE UNIQUE INDEX "index_users_on_username" ON "users" ("username")[0m
  [1m[35m (0.3ms)[0m  INSERT INTO "schema_migrations" ("version") VALUES ('20111014172812')
  [1m[36m (0.7ms)[0m  [1mselect sqlite_version(*)[0m
  [1m[35m (0.2ms)[0m  SELECT "schema_migrations"."version" FROM "schema_migrations" 
  [1m[36m (0.1ms)[0m  [1mPRAGMA index_list("users")[0m
  [1m[35m (0.1ms)[0m  PRAGMA index_info('index_users_on_username')
  [1m[36m (0.1ms)[0m  [1mPRAGMA index_info('index_users_on_email')[0m
  [1m[36m (0.3ms)[0m  [1mSELECT "schema_migrations"."version" FROM "schema_migrations" [0m
  [1m[35m (0.6ms)[0m  select sqlite_version(*)
  [1m[36m (21.3ms)[0m  [1mCREATE TABLE "users" ("id" INTEGER PRIMARY KEY AUTOINCREMENT NOT NULL, "name" varchar(255), "username" varchar(255), "email" varchar(255), "encrypted_password" varchar(255), "salt" varchar(255), "created_at" datetime, "updated_at" datetime) [0m
  [1m[35m (0.1ms)[0m  PRAGMA index_list("users")
  [1m[36m (5.8ms)[0m  [1mCREATE UNIQUE INDEX "index_users_on_email" ON "users" ("email")[0m
  [1m[35m (0.2ms)[0m  PRAGMA index_list("users")
  [1m[36m (0.1ms)[0m  [1mPRAGMA index_info('index_users_on_email')[0m
  [1m[35m (4.2ms)[0m  CREATE UNIQUE INDEX "index_users_on_username" ON "users" ("username")
  [1m[36m (3.4ms)[0m  [1mCREATE TABLE "schema_migrations" ("version" varchar(255) NOT NULL) [0m
  [1m[35m (0.1ms)[0m  PRAGMA index_list("schema_migrations")
  [1m[36m (12.5ms)[0m  [1mCREATE UNIQUE INDEX "unique_schema_migrations" ON "schema_migrations" ("version")[0m
  [1m[35m (0.2ms)[0m  SELECT version FROM "schema_migrations"
  [1m[36m (5.5ms)[0m  [1mINSERT INTO "schema_migrations" (version) VALUES ('20111014172812')[0m
  [1m[35m (5.3ms)[0m  INSERT INTO "schema_migrations" (version) VALUES ('20111014075000')
  [1m[36m (0.3ms)[0m  [1mSELECT "schema_migrations"."version" FROM "schema_migrations" [0m
Migrating to CreateUsers (20111014075000)
Migrating to AddEmailUniquenessIndex (20111014172812)
  [1m[35m (0.6ms)[0m  select sqlite_version(*)
  [1m[36m (0.3ms)[0m  [1mSELECT "schema_migrations"."version" FROM "schema_migrations" [0m
  [1m[35m (4.1ms)[0m  PRAGMA index_list("users")
  [1m[36m (0.1ms)[0m  [1mPRAGMA index_info('index_users_on_username')[0m
  [1m[35m (0.1ms)[0m  PRAGMA index_info('index_users_on_email')
  [1m[36m (0.4ms)[0m  [1mSELECT "schema_migrations"."version" FROM "schema_migrations" [0m
Migrating to CreateUsers (20111014075000)
Migrating to AddEmailUniquenessIndex (20111014172812)
Migrating to CreateLeagues (20111014211301)
  [1m[35m (0.2ms)[0m  select sqlite_version(*)
  [1m[36m (1.8ms)[0m  [1mCREATE TABLE "leagues" ("id" INTEGER PRIMARY KEY AUTOINCREMENT NOT NULL, "name" varchar(255), "short_name" varchar(255), "sport" varchar(255), "created_at" datetime, "updated_at" datetime) [0m
  [1m[35m (0.1ms)[0m  PRAGMA index_list("leagues")
  [1m[36m (0.7ms)[0m  [1mCREATE UNIQUE INDEX "index_leagues_on_name" ON "leagues" ("name")[0m
  [1m[35m (0.3ms)[0m  INSERT INTO "schema_migrations" ("version") VALUES ('20111014211301')
Migrating to CreateTeams (20111014211517)
  [1m[36m (0.8ms)[0m  [1mCREATE TABLE "teams" ("id" INTEGER PRIMARY KEY AUTOINCREMENT NOT NULL, "name" varchar(255), "conference" varchar(255), "league_id" integer, "stat_type" varchar(255), "stat_id" integer, "created_at" datetime, "updated_at" datetime) [0m
  [1m[35m (0.1ms)[0m  PRAGMA index_list("teams")
  [1m[36m (0.6ms)[0m  [1mCREATE UNIQUE INDEX "index_teams_on_name" ON "teams" ("name")[0m
  [1m[35m (0.3ms)[0m  INSERT INTO "schema_migrations" ("version") VALUES ('20111014211517')
  [1m[36m (0.8ms)[0m  [1mselect sqlite_version(*)[0m
  [1m[35m (0.3ms)[0m  SELECT "schema_migrations"."version" FROM "schema_migrations" 
  [1m[36m (0.1ms)[0m  [1mPRAGMA index_list("leagues")[0m
  [1m[35m (0.2ms)[0m  PRAGMA index_info('index_leagues_on_name')
  [1m[36m (6.9ms)[0m  [1mPRAGMA index_list("teams")[0m
  [1m[35m (0.2ms)[0m  PRAGMA index_info('index_teams_on_name')
  [1m[36m (0.2ms)[0m  [1mPRAGMA index_list("users")[0m
  [1m[35m (0.2ms)[0m  PRAGMA index_info('index_users_on_username')
  [1m[36m (0.1ms)[0m  [1mPRAGMA index_info('index_users_on_email')[0m
  [1m[36m (0.3ms)[0m  [1mSELECT "schema_migrations"."version" FROM "schema_migrations" [0m
Migrating to CreateUsers (20111014075000)
Migrating to AddEmailUniquenessIndex (20111014172812)
Migrating to CreateLeagues (20111014211301)
Migrating to CreateTeams (20111014211517)
Migrating to CreateGames (20111014213227)
  [1m[35m (0.1ms)[0m  select sqlite_version(*)
  [1m[36m (1.6ms)[0m  [1mCREATE TABLE "games" ("id" INTEGER PRIMARY KEY AUTOINCREMENT NOT NULL, "home_team_id" integer, "away_team_id" integer, "game_type" varchar(255), "league_id" integer, "game_stat_id" integer, "start_time" datetime, "end_time" datetime, "location" varchar(255), "created_at" datetime, "updated_at" datetime) [0m
  [1m[35m (0.3ms)[0m  INSERT INTO "schema_migrations" ("version") VALUES ('20111014213227')
Migrating to CreateBetLinks (20111014214015)
  [1m[36m (0.9ms)[0m  [1mCREATE TABLE "bet_links" ("id" INTEGER PRIMARY KEY AUTOINCREMENT NOT NULL, "bet_type" varchar(255), "bet_id" integer, "wager" integer, "is_win" boolean, "wager_selection" varchar(255), "created_at" datetime, "updated_at" datetime) [0m
  [1m[35m (0.3ms)[0m  INSERT INTO "schema_migrations" ("version") VALUES ('20111014214015')
Migrating to CreateHead2headBets (20111014215206)
  [1m[36m (0.9ms)[0m  [1mCREATE TABLE "head2head_bets" ("id" INTEGER PRIMARY KEY AUTOINCREMENT NOT NULL, "type" varchar(255), "game_id" integer, "is_spread" boolean, "created_at" datetime, "updated_at" datetime) [0m
  [1m[35m (0.3ms)[0m  INSERT INTO "schema_migrations" ("version") VALUES ('20111014215206')
Migrating to CreateOverunderBets (20111014215247)
  [1m[36m (1.3ms)[0m  [1mCREATE TABLE "overunder_bets" ("id" INTEGER PRIMARY KEY AUTOINCREMENT NOT NULL, "type" varchar(255), "game_id" integer, "created_at" datetime, "updated_at" datetime) [0m
  [1m[35m (0.2ms)[0m  INSERT INTO "schema_migrations" ("version") VALUES ('20111014215247')
Migrating to CreateGeneralBets (20111014215322)
  [1m[36m (4.1ms)[0m  [1mCREATE TABLE "general_bets" ("id" INTEGER PRIMARY KEY AUTOINCREMENT NOT NULL, "type" varchar(255), "item_id" integer, "created_at" datetime, "updated_at" datetime) [0m
  [1m[35m (0.3ms)[0m  INSERT INTO "schema_migrations" ("version") VALUES ('20111014215322')
Migrating to CreateFootballTeamStats (20111014215528)
  [1m[36m (0.8ms)[0m  [1mCREATE TABLE "football_team_stats" ("id" INTEGER PRIMARY KEY AUTOINCREMENT NOT NULL, "winner_id" integer, "loser_id" integer, "created_at" datetime, "updated_at" datetime) [0m
  [1m[35m (0.3ms)[0m  INSERT INTO "schema_migrations" ("version") VALUES ('20111014215528')
Migrating to CreateFootballGameStats (20111014215636)
  [1m[36m (6.5ms)[0m  [1mCREATE TABLE "football_game_stats" ("id" INTEGER PRIMARY KEY AUTOINCREMENT NOT NULL, "created_at" datetime, "updated_at" datetime) [0m
  [1m[35m (0.3ms)[0m  INSERT INTO "schema_migrations" ("version") VALUES ('20111014215636')
  [1m[36m (1.3ms)[0m  [1mselect sqlite_version(*)[0m
  [1m[35m (0.5ms)[0m  SELECT "schema_migrations"."version" FROM "schema_migrations" 
  [1m[36m (0.1ms)[0m  [1mPRAGMA index_list("bet_links")[0m
  [1m[35m (0.1ms)[0m  PRAGMA index_list("football_game_stats")
  [1m[36m (0.1ms)[0m  [1mPRAGMA index_list("football_team_stats")[0m
  [1m[35m (0.1ms)[0m  PRAGMA index_list("games")
  [1m[36m (0.1ms)[0m  [1mPRAGMA index_list("general_bets")[0m
  [1m[35m (0.1ms)[0m  PRAGMA index_list("head2head_bets")
  [1m[36m (0.1ms)[0m  [1mPRAGMA index_list("leagues")[0m
  [1m[35m (0.1ms)[0m  PRAGMA index_info('index_leagues_on_name')
  [1m[36m (0.1ms)[0m  [1mPRAGMA index_list("overunder_bets")[0m
  [1m[35m (0.2ms)[0m  PRAGMA index_list("teams")
  [1m[36m (0.1ms)[0m  [1mPRAGMA index_info('index_teams_on_name')[0m
  [1m[35m (0.2ms)[0m  PRAGMA index_list("users")
  [1m[36m (0.1ms)[0m  [1mPRAGMA index_info('index_users_on_username')[0m
  [1m[35m (0.1ms)[0m  PRAGMA index_info('index_users_on_email')
  [1m[36m (0.3ms)[0m  [1mSELECT "schema_migrations"."version" FROM "schema_migrations" [0m
Migrating to CreateUsers (20111014075000)
Migrating to AddEmailUniquenessIndex (20111014172812)
Migrating to CreateLeagues (20111014211301)
Migrating to CreateTeams (20111014211517)
Migrating to CreateGames (20111014213227)
Migrating to CreateBetLinks (20111014214015)
Migrating to CreateHead2headBets (20111014215206)
Migrating to CreateOverunderBets (20111014215247)
Migrating to CreateGeneralBets (20111014215322)
Migrating to CreateFootballTeamStats (20111014215528)
Migrating to CreateFootballGameStats (20111014215636)
Migrating to ModifyStatsTable (20111021205742)
  [1m[35m (0.1ms)[0m  select sqlite_version(*)
  [1m[36m (1.2ms)[0m  [1mCREATE TEMPORARY TABLE "altered_football_team_stats" ("id" INTEGER PRIMARY KEY AUTOINCREMENT NOT NULL, "winner_id" integer, "loser_id" integer, "created_at" datetime, "updated_at" datetime) [0m
  [1m[35m (0.3ms)[0m  PRAGMA index_list("football_team_stats")
  [1m[36m (0.4ms)[0m  [1mSELECT * FROM "football_team_stats"[0m
  [1m[35m (0.6ms)[0m  DROP TABLE "football_team_stats"
  [1m[36m (0.6ms)[0m  [1mCREATE TABLE "football_team_stats" ("id" INTEGER PRIMARY KEY AUTOINCREMENT NOT NULL, "loser_id" integer, "created_at" datetime, "updated_at" datetime) [0m
  [1m[35m (9.5ms)[0m  PRAGMA index_list("altered_football_team_stats")
  [1m[36m (0.3ms)[0m  [1mSELECT * FROM "altered_football_team_stats"[0m
  [1m[35m (0.6ms)[0m  DROP TABLE "altered_football_team_stats"
  [1m[36m (0.4ms)[0m  [1mCREATE TEMPORARY TABLE "altered_football_team_stats" ("id" INTEGER PRIMARY KEY AUTOINCREMENT NOT NULL, "loser_id" integer, "created_at" datetime, "updated_at" datetime) [0m
  [1m[35m (0.1ms)[0m  PRAGMA index_list("football_team_stats")
  [1m[36m (0.4ms)[0m  [1mSELECT * FROM "football_team_stats"[0m
  [1m[35m (0.8ms)[0m  DROP TABLE "football_team_stats"
  [1m[36m (0.5ms)[0m  [1mCREATE TABLE "football_team_stats" ("id" INTEGER PRIMARY KEY AUTOINCREMENT NOT NULL, "created_at" datetime, "updated_at" datetime) [0m
  [1m[35m (0.1ms)[0m  PRAGMA index_list("altered_football_team_stats")
  [1m[36m (0.3ms)[0m  [1mSELECT * FROM "altered_football_team_stats"[0m
  [1m[35m (0.4ms)[0m  DROP TABLE "altered_football_team_stats"
  [1m[36m (0.8ms)[0m  [1mALTER TABLE "games" ADD "winner_id" integer[0m
  [1m[35m (0.7ms)[0m  ALTER TABLE "games" ADD "loser_id" integer
  [1m[36m (0.7ms)[0m  [1mALTER TABLE "games" ADD "winner_points" integer[0m
  [1m[35m (0.8ms)[0m  ALTER TABLE "games" ADD "loser_points" integer
  [1m[36m (0.4ms)[0m  [1mINSERT INTO "schema_migrations" ("version") VALUES ('20111021205742')[0m
  [1m[35m (1.2ms)[0m  select sqlite_version(*)
  [1m[36m (0.3ms)[0m  [1mSELECT "schema_migrations"."version" FROM "schema_migrations" [0m
  [1m[35m (0.2ms)[0m  PRAGMA index_list("bet_links")
  [1m[36m (0.1ms)[0m  [1mPRAGMA index_list("football_game_stats")[0m
  [1m[35m (0.1ms)[0m  PRAGMA index_list("football_team_stats")
  [1m[36m (0.1ms)[0m  [1mPRAGMA index_list("games")[0m
  [1m[35m (0.1ms)[0m  PRAGMA index_list("general_bets")
  [1m[36m (0.1ms)[0m  [1mPRAGMA index_list("head2head_bets")[0m
  [1m[35m (0.1ms)[0m  PRAGMA index_list("leagues")
  [1m[36m (0.1ms)[0m  [1mPRAGMA index_info('index_leagues_on_name')[0m
  [1m[35m (0.1ms)[0m  PRAGMA index_list("overunder_bets")
  [1m[36m (0.1ms)[0m  [1mPRAGMA index_list("teams")[0m
  [1m[35m (0.1ms)[0m  PRAGMA index_info('index_teams_on_name')
  [1m[36m (0.1ms)[0m  [1mPRAGMA index_list("users")[0m
  [1m[35m (0.2ms)[0m  PRAGMA index_info('index_users_on_username')
  [1m[36m (0.1ms)[0m  [1mPRAGMA index_info('index_users_on_email')[0m


Started GET "/" for 127.0.0.1 at 2011-10-21 22:23:17 -0700

ActionController::RoutingError (No route matches [GET] "/"):
  

Rendered /Users/Stephen/.rvm/gems/ruby-1.9.2-p290/gems/actionpack-3.1.0/lib/action_dispatch/middleware/templates/rescues/routing_error.erb within rescues/layout (11.6ms)


Started GET "/index.html" for 127.0.0.1 at 2011-10-21 22:23:28 -0700

ActionController::RoutingError (No route matches [GET] "/index.html"):
  

Rendered /Users/Stephen/.rvm/gems/ruby-1.9.2-p290/gems/actionpack-3.1.0/lib/action_dispatch/middleware/templates/rescues/routing_error.erb within rescues/layout (0.5ms)


Started GET "/index.html" for 127.0.0.1 at 2011-10-21 22:27:46 -0700

ActionController::RoutingError (No route matches [GET] "/index.html"):
  

Rendered /Users/Stephen/.rvm/gems/ruby-1.9.2-p290/gems/actionpack-3.1.0/lib/action_dispatch/middleware/templates/rescues/routing_error.erb within rescues/layout (0.5ms)


Started GET "/" for 127.0.0.1 at 2011-10-21 22:27:52 -0700

ActionController::RoutingError (uninitialized constant WelcomeController):
  

Rendered /Users/Stephen/.rvm/gems/ruby-1.9.2-p290/gems/actionpack-3.1.0/lib/action_dispatch/middleware/templates/rescues/routing_error.erb within rescues/layout (0.5ms)


Started GET "/" for 127.0.0.1 at 2011-10-21 22:28:25 -0700

SyntaxError (/Users/Stephen/Dropbox/majorleaguebetting/config/routes.rb:57: syntax error, unexpected tIDENTIFIER, expecting keyword_end
...cy wild controller route that's not recommended for RESTful ...
...                               ^
/Users/Stephen/Dropbox/majorleaguebetting/config/routes.rb:57: syntax error, unexpected tIDENTIFIER, expecting keyword_do or '{' or '('
...mended for RESTful applications.
...                               ^
/Users/Stephen/Dropbox/majorleaguebetting/config/routes.rb:60: syntax error, unexpected $end, expecting keyword_end):
  

Rendered /Users/Stephen/.rvm/gems/ruby-1.9.2-p290/gems/actionpack-3.1.0/lib/action_dispatch/middleware/templates/rescues/_trace.erb (1.0ms)
Rendered /Users/Stephen/.rvm/gems/ruby-1.9.2-p290/gems/actionpack-3.1.0/lib/action_dispatch/middleware/templates/rescues/_request_and_response.erb (6.8ms)
Rendered /Users/Stephen/.rvm/gems/ruby-1.9.2-p290/gems/actionpack-3.1.0/lib/action_dispatch/middleware/templates/rescues/diagnostics.erb within rescues/layout (9.9ms)


Started GET "/" for 127.0.0.1 at 2011-10-21 22:28:50 -0700

ActionController::RoutingError (uninitialized constant HomeController):
  

Rendered /Users/Stephen/.rvm/gems/ruby-1.9.2-p290/gems/actionpack-3.1.0/lib/action_dispatch/middleware/templates/rescues/routing_error.erb within rescues/layout (0.6ms)


Started GET "/" for 127.0.0.1 at 2011-10-21 22:29:02 -0700

ArgumentError (missing :controller):
  config/routes.rb:53:in `block in <top (required)>'
  config/routes.rb:1:in `<top (required)>'

Rendered /Users/Stephen/.rvm/gems/ruby-1.9.2-p290/gems/actionpack-3.1.0/lib/action_dispatch/middleware/templates/rescues/_trace.erb (1.0ms)
Rendered /Users/Stephen/.rvm/gems/ruby-1.9.2-p290/gems/actionpack-3.1.0/lib/action_dispatch/middleware/templates/rescues/_request_and_response.erb (1.0ms)
Rendered /Users/Stephen/.rvm/gems/ruby-1.9.2-p290/gems/actionpack-3.1.0/lib/action_dispatch/middleware/templates/rescues/diagnostics.erb within rescues/layout (3.9ms)


Started GET "/" for 127.0.0.1 at 2011-10-21 22:36:00 -0700
  Processing by HomeController#public as HTML
Rendered home/public.html.erb within layouts/application (11.6ms)
Compiled application.css  (11ms)  (pid 21269)
Compiled home.css  (9ms)  (pid 21269)
Compiled application.js  (32ms)  (pid 21269)
Compiled jquery.js  (1ms)  (pid 21269)
Compiled jquery_ujs.js  (0ms)  (pid 21269)
Compiled home.js  (61ms)  (pid 21269)
Completed 500 Internal Server Error in 645ms

ActionView::Template::Error (Missing partial home/header, application/header with {:handlers=>[:erb, :builder, :coffee], :formats=>[:html], :locale=>[:en, :en]}. Searched in:
  * "/Users/Stephen/Dropbox/majorleaguebetting/app/views"
):
    8: </head>
    9: <body>
    10:   <div class="container">
    11:     <%= render :partial => 'header' %>
    12:     <%= yield %>
    13:   </div>
    14:   <%= debug(params) if Rails.env.development? %>
  app/views/layouts/application.html.erb:11:in `_app_views_layouts_application_html_erb__603257013702950901_70285640309060'

Rendered /Users/Stephen/.rvm/gems/ruby-1.9.2-p290/gems/actionpack-3.1.0/lib/action_dispatch/middleware/templates/rescues/_trace.erb (1.0ms)
Rendered /Users/Stephen/.rvm/gems/ruby-1.9.2-p290/gems/actionpack-3.1.0/lib/action_dispatch/middleware/templates/rescues/_request_and_response.erb (0.8ms)
Rendered /Users/Stephen/.rvm/gems/ruby-1.9.2-p290/gems/actionpack-3.1.0/lib/action_dispatch/middleware/templates/rescues/template_error.erb within rescues/layout (3.6ms)


Started GET "/" for 127.0.0.1 at 2011-10-21 22:36:42 -0700
  Processing by HomeController#public as HTML
Rendered home/public.html.erb within layouts/application (0.0ms)
Rendered layouts/_signin.html.erb (2.0ms)
Rendered layouts/_header.html.erb (28.6ms)
Completed 500 Internal Server Error in 35ms

ActionView::Template::Error (undefined method `model_name' for NilClass:Class):
    1: <a href="login" class="signin">
    2:   <span>Sign in</span></a> </div>
    3: <% field_set_tag 'signin_menu' do %>
    4:     <%= form_for @user do |f| %>
    5:         <p>
    6:           <%= f.label :username %>:
    7:           <%= f.text_field :username %>
  app/views/layouts/_signin.html.erb:4:in `block in _app_views_layouts__signin_html_erb__446137191052899455_70285641634900'
  app/views/layouts/_signin.html.erb:3:in `_app_views_layouts__signin_html_erb__446137191052899455_70285641634900'
  app/views/layouts/_header.html.erb:3:in `_app_views_layouts__header_html_erb___2164169558746309883_70285641702860'
  app/views/layouts/application.html.erb:11:in `_app_views_layouts_application_html_erb__603257013702950901_70285649165040'

Rendered /Users/Stephen/.rvm/gems/ruby-1.9.2-p290/gems/actionpack-3.1.0/lib/action_dispatch/middleware/templates/rescues/_trace.erb (1.1ms)
Rendered /Users/Stephen/.rvm/gems/ruby-1.9.2-p290/gems/actionpack-3.1.0/lib/action_dispatch/middleware/templates/rescues/_request_and_response.erb (0.8ms)
Rendered /Users/Stephen/.rvm/gems/ruby-1.9.2-p290/gems/actionpack-3.1.0/lib/action_dispatch/middleware/templates/rescues/template_error.erb within rescues/layout (3.6ms)


Started GET "/" for 127.0.0.1 at 2011-10-21 22:39:19 -0700
  Processing by HomeController#public as HTML
Rendered home/public.html.erb within layouts/application (0.0ms)
ERROR: compiling _app_views_layouts__signin_html_erb__446137191052899455_70285612841180 RAISED /Users/Stephen/Dropbox/majorleaguebetting/app/views/layouts/_signin.html.erb:19: syntax error, unexpected keyword_ensure, expecting $end
Function body:           def _app_views_layouts__signin_html_erb__446137191052899455_70285612841180(local_assigns, output_buffer)
            _old_virtual_path, @virtual_path = @virtual_path, "layouts/_signin";_old_output_buffer = @output_buffer;signin = local_assigns[:signin];;@output_buffer = output_buffer || ActionView::OutputBuffer.new;@output_buffer.safe_concat('<a href="login" class="signin">
  <span>Sign in</span></a> </div>
'); field_set_tag 'signin_menu' do 
@output_buffer.safe_concat('    ');@output_buffer.append= ( form_for(:session, :url => sessions_path) );@output_buffer.safe_concat('
');@output_buffer.safe_concat('        <p>
          ');@output_buffer.append= ( f.label :username );@output_buffer.safe_concat(':
          ');@output_buffer.append= ( f.text_field :username );@output_buffer.safe_concat('
');@output_buffer.safe_concat('        </p>
        <p>
          ');@output_buffer.append= ( f.label :password );@output_buffer.safe_concat(':
          ');@output_buffer.append= ( f.text_field :password );@output_buffer.safe_concat('
');@output_buffer.safe_concat('        </p>
        <p class="remember">
          ');@output_buffer.append= ( f.submit "Sign in" );@output_buffer.safe_concat('
');@output_buffer.safe_concat('        </p>
');     end 
 end 
@output_buffer.to_s
          ensure
            @virtual_path, @output_buffer = _old_virtual_path, _old_output_buffer
          end
Backtrace: /Users/Stephen/.rvm/gems/ruby-1.9.2-p290/gems/actionpack-3.1.0/lib/action_view/template.rb:282:in `module_eval'
/Users/Stephen/.rvm/gems/ruby-1.9.2-p290/gems/actionpack-3.1.0/lib/action_view/template.rb:282:in `compile'
/Users/Stephen/.rvm/gems/ruby-1.9.2-p290/gems/actionpack-3.1.0/lib/action_view/template.rb:190:in `compile!'
/Users/Stephen/.rvm/gems/ruby-1.9.2-p290/gems/actionpack-3.1.0/lib/action_view/template.rb:143:in `block in render'
/Users/Stephen/.rvm/gems/ruby-1.9.2-p290/gems/activesupport-3.1.0/lib/active_support/notifications.rb:55:in `instrument'
/Users/Stephen/.rvm/gems/ruby-1.9.2-p290/gems/actionpack-3.1.0/lib/action_view/template.rb:142:in `render'
/Users/Stephen/.rvm/gems/ruby-1.9.2-p290/gems/actionpack-3.1.0/lib/action_view/renderer/partial_renderer.rb:256:in `render_partial'
/Users/Stephen/.rvm/gems/ruby-1.9.2-p290/gems/actionpack-3.1.0/lib/action_view/renderer/partial_renderer.rb:228:in `block (2 levels) in render'
/Users/Stephen/.rvm/gems/ruby-1.9.2-p290/gems/actionpack-3.1.0/lib/action_view/renderer/abstract_renderer.rb:33:in `block in instrument'
/Users/Stephen/.rvm/gems/ruby-1.9.2-p290/gems/activesupport-3.1.0/lib/active_support/notifications.rb:53:in `block in instrument'
/Users/Stephen/.rvm/gems/ruby-1.9.2-p290/gems/activesupport-3.1.0/lib/active_support/notifications/instrumenter.rb:21:in `instrument'
/Users/Stephen/.rvm/gems/ruby-1.9.2-p290/gems/activesupport-3.1.0/lib/active_support/notifications.rb:53:in `instrument'
/Users/Stephen/.rvm/gems/ruby-1.9.2-p290/gems/actionpack-3.1.0/lib/action_view/renderer/abstract_renderer.rb:33:in `instrument'
/Users/Stephen/.rvm/gems/ruby-1.9.2-p290/gems/actionpack-3.1.0/lib/action_view/renderer/partial_renderer.rb:227:in `block in render'
/Users/Stephen/.rvm/gems/ruby-1.9.2-p290/gems/actionpack-3.1.0/lib/action_view/renderer/abstract_renderer.rb:22:in `wrap_formats'
/Users/Stephen/.rvm/gems/ruby-1.9.2-p290/gems/actionpack-3.1.0/lib/action_view/renderer/partial_renderer.rb:219:in `render'
/Users/Stephen/.rvm/gems/ruby-1.9.2-p290/gems/actionpack-3.1.0/lib/action_view/renderer/renderer.rb:41:in `render_partial'
/Users/Stephen/.rvm/gems/ruby-1.9.2-p290/gems/actionpack-3.1.0/lib/action_view/helpers/rendering_helper.rb:27:in `render'
/Users/Stephen/Dropbox/majorleaguebetting/app/views/layouts/_header.html.erb:3:in `_app_views_layouts__header_html_erb___2164169558746309883_70285641702860'
/Users/Stephen/.rvm/gems/ruby-1.9.2-p290/gems/actionpack-3.1.0/lib/action_view/template.rb:144:in `block in render'
/Users/Stephen/.rvm/gems/ruby-1.9.2-p290/gems/activesupport-3.1.0/lib/active_support/notifications.rb:55:in `instrument'
/Users/Stephen/.rvm/gems/ruby-1.9.2-p290/gems/actionpack-3.1.0/lib/action_view/template.rb:142:in `render'
/Users/Stephen/.rvm/gems/ruby-1.9.2-p290/gems/actionpack-3.1.0/lib/action_view/renderer/partial_renderer.rb:256:in `render_partial'
/Users/Stephen/.rvm/gems/ruby-1.9.2-p290/gems/actionpack-3.1.0/lib/action_view/renderer/partial_renderer.rb:228:in `block (2 levels) in render'
/Users/Stephen/.rvm/gems/ruby-1.9.2-p290/gems/actionpack-3.1.0/lib/action_view/renderer/abstract_renderer.rb:33:in `block in instrument'
/Users/Stephen/.rvm/gems/ruby-1.9.2-p290/gems/activesupport-3.1.0/lib/active_support/notifications.rb:53:in `block in instrument'
/Users/Stephen/.rvm/gems/ruby-1.9.2-p290/gems/activesupport-3.1.0/lib/active_support/notifications/instrumenter.rb:21:in `instrument'
/Users/Stephen/.rvm/gems/ruby-1.9.2-p290/gems/activesupport-3.1.0/lib/active_support/notifications.rb:53:in `instrument'
/Users/Stephen/.rvm/gems/ruby-1.9.2-p290/gems/actionpack-3.1.0/lib/action_view/renderer/abstract_renderer.rb:33:in `instrument'
/Users/Stephen/.rvm/gems/ruby-1.9.2-p290/gems/actionpack-3.1.0/lib/action_view/renderer/partial_renderer.rb:227:in `block in render'
/Users/Stephen/.rvm/gems/ruby-1.9.2-p290/gems/actionpack-3.1.0/lib/action_view/renderer/abstract_renderer.rb:22:in `wrap_formats'
/Users/Stephen/.rvm/gems/ruby-1.9.2-p290/gems/actionpack-3.1.0/lib/action_view/renderer/partial_renderer.rb:219:in `render'
/Users/Stephen/.rvm/gems/ruby-1.9.2-p290/gems/actionpack-3.1.0/lib/action_view/renderer/renderer.rb:41:in `render_partial'
/Users/Stephen/.rvm/gems/ruby-1.9.2-p290/gems/actionpack-3.1.0/lib/action_view/renderer/renderer.rb:15:in `render'
/Users/Stephen/.rvm/gems/ruby-1.9.2-p290/gems/actionpack-3.1.0/lib/action_view/helpers/rendering_helper.rb:24:in `render'
/Users/Stephen/Dropbox/majorleaguebetting/app/views/layouts/application.html.erb:11:in `_app_views_layouts_application_html_erb__603257013702950901_70285649165040'
/Users/Stephen/.rvm/gems/ruby-1.9.2-p290/gems/actionpack-3.1.0/lib/action_view/template.rb:144:in `block in render'
/Users/Stephen/.rvm/gems/ruby-1.9.2-p290/gems/activesupport-3.1.0/lib/active_support/notifications.rb:55:in `instrument'
/Users/Stephen/.rvm/gems/ruby-1.9.2-p290/gems/actionpack-3.1.0/lib/action_view/template.rb:142:in `render'
/Users/Stephen/.rvm/gems/ruby-1.9.2-p290/gems/actionpack-3.1.0/lib/action_view/renderer/template_renderer.rb:52:in `render_with_layout'
/Users/Stephen/.rvm/gems/ruby-1.9.2-p290/gems/actionpack-3.1.0/lib/action_view/renderer/template_renderer.rb:38:in `render_template'
/Users/Stephen/.rvm/gems/ruby-1.9.2-p290/gems/actionpack-3.1.0/lib/action_view/renderer/template_renderer.rb:12:in `block in render'
/Users/Stephen/.rvm/gems/ruby-1.9.2-p290/gems/actionpack-3.1.0/lib/action_view/renderer/abstract_renderer.rb:22:in `wrap_formats'
/Users/Stephen/.rvm/gems/ruby-1.9.2-p290/gems/actionpack-3.1.0/lib/action_view/renderer/template_renderer.rb:9:in `render'
/Users/Stephen/.rvm/gems/ruby-1.9.2-p290/gems/actionpack-3.1.0/lib/action_view/renderer/renderer.rb:36:in `render_template'
/Users/Stephen/.rvm/gems/ruby-1.9.2-p290/gems/actionpack-3.1.0/lib/action_view/renderer/renderer.rb:17:in `render'
/Users/Stephen/.rvm/gems/ruby-1.9.2-p290/gems/actionpack-3.1.0/lib/abstract_controller/rendering.rb:120:in `_render_template'
/Users/Stephen/.rvm/gems/ruby-1.9.2-p290/gems/actionpack-3.1.0/lib/action_controller/metal/streaming.rb:250:in `_render_template'
/Users/Stephen/.rvm/gems/ruby-1.9.2-p290/gems/actionpack-3.1.0/lib/abstract_controller/rendering.rb:114:in `render_to_body'
/Users/Stephen/.rvm/gems/ruby-1.9.2-p290/gems/actionpack-3.1.0/lib/action_controller/metal/renderers.rb:30:in `render_to_body'
/Users/Stephen/.rvm/gems/ruby-1.9.2-p290/gems/actionpack-3.1.0/lib/action_controller/metal/compatibility.rb:43:in `render_to_body'
/Users/Stephen/.rvm/gems/ruby-1.9.2-p290/gems/actionpack-3.1.0/lib/abstract_controller/rendering.rb:99:in `render'
/Users/Stephen/.rvm/gems/ruby-1.9.2-p290/gems/actionpack-3.1.0/lib/action_controller/metal/rendering.rb:16:in `render'
/Users/Stephen/.rvm/gems/ruby-1.9.2-p290/gems/actionpack-3.1.0/lib/action_controller/metal/instrumentation.rb:40:in `block (2 levels) in render'
/Users/Stephen/.rvm/gems/ruby-1.9.2-p290/gems/activesupport-3.1.0/lib/active_support/core_ext/benchmark.rb:5:in `block in ms'
/Users/Stephen/.rvm/rubies/ruby-1.9.2-p290/lib/ruby/1.9.1/benchmark.rb:310:in `realtime'
/Users/Stephen/.rvm/gems/ruby-1.9.2-p290/gems/activesupport-3.1.0/lib/active_support/core_ext/benchmark.rb:5:in `ms'
/Users/Stephen/.rvm/gems/ruby-1.9.2-p290/gems/actionpack-3.1.0/lib/action_controller/metal/instrumentation.rb:40:in `block in render'
/Users/Stephen/.rvm/gems/ruby-1.9.2-p290/gems/actionpack-3.1.0/lib/action_controller/metal/instrumentation.rb:78:in `cleanup_view_runtime'
/Users/Stephen/.rvm/gems/ruby-1.9.2-p290/gems/activerecord-3.1.0/lib/active_record/railties/controller_runtime.rb:24:in `cleanup_view_runtime'
/Users/Stephen/.rvm/gems/ruby-1.9.2-p290/gems/actionpack-3.1.0/lib/action_controller/metal/instrumentation.rb:39:in `render'
/Users/Stephen/.rvm/gems/ruby-1.9.2-p290/gems/actionpack-3.1.0/lib/action_controller/metal/implicit_render.rb:10:in `default_render'
/Users/Stephen/.rvm/gems/ruby-1.9.2-p290/gems/actionpack-3.1.0/lib/action_controller/metal/implicit_render.rb:5:in `send_action'
/Users/Stephen/.rvm/gems/ruby-1.9.2-p290/gems/actionpack-3.1.0/lib/abstract_controller/base.rb:167:in `process_action'
/Users/Stephen/.rvm/gems/ruby-1.9.2-p290/gems/actionpack-3.1.0/lib/action_controller/metal/rendering.rb:10:in `process_action'
/Users/Stephen/.rvm/gems/ruby-1.9.2-p290/gems/actionpack-3.1.0/lib/abstract_controller/callbacks.rb:18:in `block in process_action'
/Users/Stephen/.rvm/gems/ruby-1.9.2-p290/gems/activesupport-3.1.0/lib/active_support/callbacks.rb:416:in `_run__4414986194567826860__process_action__796667526808796939__callbacks'
/Users/Stephen/.rvm/gems/ruby-1.9.2-p290/gems/activesupport-3.1.0/lib/active_support/callbacks.rb:386:in `_run_process_action_callbacks'
/Users/Stephen/.rvm/gems/ruby-1.9.2-p290/gems/activesupport-3.1.0/lib/active_support/callbacks.rb:81:in `run_callbacks'
/Users/Stephen/.rvm/gems/ruby-1.9.2-p290/gems/actionpack-3.1.0/lib/abstract_controller/callbacks.rb:17:in `process_action'
/Users/Stephen/.rvm/gems/ruby-1.9.2-p290/gems/actionpack-3.1.0/lib/action_controller/metal/rescue.rb:17:in `process_action'
/Users/Stephen/.rvm/gems/ruby-1.9.2-p290/gems/actionpack-3.1.0/lib/action_controller/metal/instrumentation.rb:30:in `block in process_action'
/Users/Stephen/.rvm/gems/ruby-1.9.2-p290/gems/activesupport-3.1.0/lib/active_support/notifications.rb:53:in `block in instrument'
/Users/Stephen/.rvm/gems/ruby-1.9.2-p290/gems/activesupport-3.1.0/lib/active_support/notifications/instrumenter.rb:21:in `instrument'
/Users/Stephen/.rvm/gems/ruby-1.9.2-p290/gems/activesupport-3.1.0/lib/active_support/notifications.rb:53:in `instrument'
/Users/Stephen/.rvm/gems/ruby-1.9.2-p290/gems/actionpack-3.1.0/lib/action_controller/metal/instrumentation.rb:29:in `process_action'
/Users/Stephen/.rvm/gems/ruby-1.9.2-p290/gems/actionpack-3.1.0/lib/action_controller/metal/params_wrapper.rb:201:in `process_action'
/Users/Stephen/.rvm/gems/ruby-1.9.2-p290/gems/activerecord-3.1.0/lib/active_record/railties/controller_runtime.rb:18:in `process_action'
/Users/Stephen/.rvm/gems/ruby-1.9.2-p290/gems/actionpack-3.1.0/lib/abstract_controller/base.rb:121:in `process'
/Users/Stephen/.rvm/gems/ruby-1.9.2-p290/gems/actionpack-3.1.0/lib/abstract_controller/rendering.rb:45:in `process'
/Users/Stephen/.rvm/gems/ruby-1.9.2-p290/gems/actionpack-3.1.0/lib/action_controller/metal.rb:193:in `dispatch'
/Users/Stephen/.rvm/gems/ruby-1.9.2-p290/gems/actionpack-3.1.0/lib/action_controller/metal/rack_delegation.rb:14:in `dispatch'
/Users/Stephen/.rvm/gems/ruby-1.9.2-p290/gems/actionpack-3.1.0/lib/action_controller/metal.rb:236:in `block in action'
/Users/Stephen/.rvm/gems/ruby-1.9.2-p290/gems/actionpack-3.1.0/lib/action_dispatch/routing/route_set.rb:65:in `call'
/Users/Stephen/.rvm/gems/ruby-1.9.2-p290/gems/actionpack-3.1.0/lib/action_dispatch/routing/route_set.rb:65:in `dispatch'
/Users/Stephen/.rvm/gems/ruby-1.9.2-p290/gems/actionpack-3.1.0/lib/action_dispatch/routing/route_set.rb:29:in `call'
/Users/Stephen/.rvm/gems/ruby-1.9.2-p290/gems/rack-mount-0.8.3/lib/rack/mount/route_set.rb:152:in `block in call'
/Users/Stephen/.rvm/gems/ruby-1.9.2-p290/gems/rack-mount-0.8.3/lib/rack/mount/code_generation.rb:96:in `block in recognize'
/Users/Stephen/.rvm/gems/ruby-1.9.2-p290/gems/rack-mount-0.8.3/lib/rack/mount/code_generation.rb:75:in `optimized_each'
/Users/Stephen/.rvm/gems/ruby-1.9.2-p290/gems/rack-mount-0.8.3/lib/rack/mount/code_generation.rb:95:in `recognize'
/Users/Stephen/.rvm/gems/ruby-1.9.2-p290/gems/rack-mount-0.8.3/lib/rack/mount/route_set.rb:141:in `call'
/Users/Stephen/.rvm/gems/ruby-1.9.2-p290/gems/actionpack-3.1.0/lib/action_dispatch/routing/route_set.rb:531:in `call'
/Users/Stephen/.rvm/gems/ruby-1.9.2-p290/gems/actionpack-3.1.0/lib/action_dispatch/middleware/best_standards_support.rb:17:in `call'
/Users/Stephen/.rvm/gems/ruby-1.9.2-p290/gems/rack-1.3.2/lib/rack/etag.rb:23:in `call'
/Users/Stephen/.rvm/gems/ruby-1.9.2-p290/gems/rack-1.3.2/lib/rack/conditionalget.rb:25:in `call'
/Users/Stephen/.rvm/gems/ruby-1.9.2-p290/gems/actionpack-3.1.0/lib/action_dispatch/middleware/head.rb:14:in `call'
/Users/Stephen/.rvm/gems/ruby-1.9.2-p290/gems/actionpack-3.1.0/lib/action_dispatch/middleware/params_parser.rb:21:in `call'
/Users/Stephen/.rvm/gems/ruby-1.9.2-p290/gems/actionpack-3.1.0/lib/action_dispatch/middleware/flash.rb:243:in `call'
/Users/Stephen/.rvm/gems/ruby-1.9.2-p290/gems/rack-1.3.2/lib/rack/session/abstract/id.rb:195:in `context'
/Users/Stephen/.rvm/gems/ruby-1.9.2-p290/gems/rack-1.3.2/lib/rack/session/abstract/id.rb:190:in `call'
/Users/Stephen/.rvm/gems/ruby-1.9.2-p290/gems/actionpack-3.1.0/lib/action_dispatch/middleware/cookies.rb:326:in `call'
/Users/Stephen/.rvm/gems/ruby-1.9.2-p290/gems/activerecord-3.1.0/lib/active_record/query_cache.rb:62:in `call'
/Users/Stephen/.rvm/gems/ruby-1.9.2-p290/gems/activerecord-3.1.0/lib/active_record/connection_adapters/abstract/connection_pool.rb:477:in `call'
/Users/Stephen/.rvm/gems/ruby-1.9.2-p290/gems/actionpack-3.1.0/lib/action_dispatch/middleware/callbacks.rb:29:in `block in call'
/Users/Stephen/.rvm/gems/ruby-1.9.2-p290/gems/activesupport-3.1.0/lib/active_support/callbacks.rb:392:in `_run_call_callbacks'
/Users/Stephen/.rvm/gems/ruby-1.9.2-p290/gems/activesupport-3.1.0/lib/active_support/callbacks.rb:81:in `run_callbacks'
/Users/Stephen/.rvm/gems/ruby-1.9.2-p290/gems/actionpack-3.1.0/lib/action_dispatch/middleware/callbacks.rb:28:in `call'
/Users/Stephen/.rvm/gems/ruby-1.9.2-p290/gems/actionpack-3.1.0/lib/action_dispatch/middleware/reloader.rb:68:in `call'
/Users/Stephen/.rvm/gems/ruby-1.9.2-p290/gems/rack-1.3.2/lib/rack/sendfile.rb:101:in `call'
/Users/Stephen/.rvm/gems/ruby-1.9.2-p290/gems/actionpack-3.1.0/lib/action_dispatch/middleware/remote_ip.rb:48:in `call'
/Users/Stephen/.rvm/gems/ruby-1.9.2-p290/gems/actionpack-3.1.0/lib/action_dispatch/middleware/show_exceptions.rb:47:in `call'
/Users/Stephen/.rvm/gems/ruby-1.9.2-p290/gems/railties-3.1.0/lib/rails/rack/logger.rb:13:in `call'
/Users/Stephen/.rvm/gems/ruby-1.9.2-p290/gems/rack-1.3.2/lib/rack/methodoverride.rb:24:in `call'
/Users/Stephen/.rvm/gems/ruby-1.9.2-p290/gems/rack-1.3.2/lib/rack/runtime.rb:17:in `call'
/Users/Stephen/.rvm/gems/ruby-1.9.2-p290/gems/activesupport-3.1.0/lib/active_support/cache/strategy/local_cache.rb:72:in `call'
/Users/Stephen/.rvm/gems/ruby-1.9.2-p290/gems/rack-1.3.2/lib/rack/lock.rb:15:in `call'
/Users/Stephen/.rvm/gems/ruby-1.9.2-p290/gems/actionpack-3.1.0/lib/action_dispatch/middleware/static.rb:53:in `call'
/Users/Stephen/.rvm/gems/ruby-1.9.2-p290/gems/railties-3.1.0/lib/rails/engine.rb:455:in `call'
/Users/Stephen/.rvm/gems/ruby-1.9.2-p290/gems/railties-3.1.0/lib/rails/rack/content_length.rb:16:in `call'
/Users/Stephen/.rvm/gems/ruby-1.9.2-p290/gems/railties-3.1.0/lib/rails/rack/log_tailer.rb:14:in `call'
/Users/Stephen/.rvm/gems/ruby-1.9.2-p290/gems/rack-1.3.2/lib/rack/handler/webrick.rb:59:in `service'
/Users/Stephen/.rvm/rubies/ruby-1.9.2-p290/lib/ruby/1.9.1/webrick/httpserver.rb:111:in `service'
/Users/Stephen/.rvm/rubies/ruby-1.9.2-p290/lib/ruby/1.9.1/webrick/httpserver.rb:70:in `run'
/Users/Stephen/.rvm/rubies/ruby-1.9.2-p290/lib/ruby/1.9.1/webrick/server.rb:183:in `block in start_thread'
Rendered layouts/_signin.html.erb (0.8ms)
Rendered layouts/_header.html.erb (1.2ms)
Completed 500 Internal Server Error in 8ms

ActionView::Template::Error (/Users/Stephen/Dropbox/majorleaguebetting/app/views/layouts/_signin.html.erb:19: syntax error, unexpected keyword_ensure, expecting $end):
    16:     <% end %>
    17: <% end %>
  app/views/layouts/_header.html.erb:3:in `_app_views_layouts__header_html_erb___2164169558746309883_70285641702860'
  app/views/layouts/application.html.erb:11:in `_app_views_layouts_application_html_erb__603257013702950901_70285649165040'

Rendered /Users/Stephen/.rvm/gems/ruby-1.9.2-p290/gems/actionpack-3.1.0/lib/action_dispatch/middleware/templates/rescues/_trace.erb (1.0ms)
Rendered /Users/Stephen/.rvm/gems/ruby-1.9.2-p290/gems/actionpack-3.1.0/lib/action_dispatch/middleware/templates/rescues/_request_and_response.erb (0.7ms)
Rendered /Users/Stephen/.rvm/gems/ruby-1.9.2-p290/gems/actionpack-3.1.0/lib/action_dispatch/middleware/templates/rescues/template_error.erb within rescues/layout (3.4ms)


Started GET "/" for 127.0.0.1 at 2011-10-21 22:39:45 -0700
  Processing by HomeController#public as HTML
Rendered home/public.html.erb within layouts/application (0.0ms)
Rendered layouts/_signin.html.erb (25.1ms)
Rendered layouts/_header.html.erb (25.5ms)
Completed 500 Internal Server Error in 34ms

ActionView::Template::Error (undefined local variable or method `sessions_path' for #<#<Class:0x007fd94d2d2868>:0x007fd94d2c2e40>):
    1: <a href="login" class="signin">
    2:   <span>Sign in</span></a> </div>
    3: <% field_set_tag 'signin_menu' do %>
    4:     <%= form_for(:session, :url => sessions_path) do |f| %>
    5:         <p>
    6:           <%= f.label :username %>:
    7:           <%= f.text_field :username %>
  app/views/layouts/_signin.html.erb:4:in `block in _app_views_layouts__signin_html_erb__446137191052899455_70285639150660'
  app/views/layouts/_signin.html.erb:3:in `_app_views_layouts__signin_html_erb__446137191052899455_70285639150660'
  app/views/layouts/_header.html.erb:3:in `_app_views_layouts__header_html_erb___2164169558746309883_70285641702860'
  app/views/layouts/application.html.erb:11:in `_app_views_layouts_application_html_erb__603257013702950901_70285649165040'

Rendered /Users/Stephen/.rvm/gems/ruby-1.9.2-p290/gems/actionpack-3.1.0/lib/action_dispatch/middleware/templates/rescues/_trace.erb (18.8ms)
Rendered /Users/Stephen/.rvm/gems/ruby-1.9.2-p290/gems/actionpack-3.1.0/lib/action_dispatch/middleware/templates/rescues/_request_and_response.erb (0.9ms)
Rendered /Users/Stephen/.rvm/gems/ruby-1.9.2-p290/gems/actionpack-3.1.0/lib/action_dispatch/middleware/templates/rescues/template_error.erb within rescues/layout (21.6ms)


Started GET "/" for 127.0.0.1 at 2011-10-21 22:41:31 -0700
  Processing by HomeController#public as HTML
Rendered home/public.html.erb within layouts/application (0.0ms)
Rendered layouts/_signin.html.erb (21.1ms)
Rendered layouts/_header.html.erb (21.6ms)
Completed 500 Internal Server Error in 28ms

ActionView::Template::Error (undefined local variable or method `f' for #<#<Class:0x007fd94d455eb0>:0x007fd94d439738>):
    3: <% field_set_tag 'signin_menu' do %>
    4:     <form>
    5:         <p>
    6:           <%= f.label :username %>:
    7:           <%= f.text_field :username %>
    8:         </p>
    9:         <p>
  app/views/layouts/_signin.html.erb:6:in `block in _app_views_layouts__signin_html_erb__446137191052899455_70285639854040'
  app/views/layouts/_signin.html.erb:3:in `_app_views_layouts__signin_html_erb__446137191052899455_70285639854040'
  app/views/layouts/_header.html.erb:3:in `_app_views_layouts__header_html_erb___2164169558746309883_70285641702860'
  app/views/layouts/application.html.erb:11:in `_app_views_layouts_application_html_erb__603257013702950901_70285649165040'

Rendered /Users/Stephen/.rvm/gems/ruby-1.9.2-p290/gems/actionpack-3.1.0/lib/action_dispatch/middleware/templates/rescues/_trace.erb (1.3ms)
Rendered /Users/Stephen/.rvm/gems/ruby-1.9.2-p290/gems/actionpack-3.1.0/lib/action_dispatch/middleware/templates/rescues/_request_and_response.erb (0.8ms)
Rendered /Users/Stephen/.rvm/gems/ruby-1.9.2-p290/gems/actionpack-3.1.0/lib/action_dispatch/middleware/templates/rescues/template_error.erb within rescues/layout (3.9ms)


Started GET "/" for 127.0.0.1 at 2011-10-27 13:37:43 -0700
  Processing by HomeController#public as HTML
Rendered home/public.html.erb within layouts/application (11.5ms)
Compiled application.js  (3ms)  (pid 2465)
Compiled jquery.js  (2ms)  (pid 2465)
Compiled jquery_ujs.js  (0ms)  (pid 2465)
Rendered layouts/_signin.html.erb (55.9ms)
Rendered layouts/_header.html.erb (57.0ms)
Completed 500 Internal Server Error in 223ms

ActionView::Template::Error (undefined local variable or method `sessions_path' for #<#<Class:0x007fe1b3549100>:0x007fe1b34816a0>):
    1: <a href="login" class="signin">
    2:   <span>Sign in</span></a> </div>
    3: <% field_set_tag 'signin_menu' do %>
    4:     <%= form_for(:session, :url => sessions_path) do |f| %>
    5:         <p>
    6:           <%= f.label :username %>:
    7:           <%= f.text_field :username %>
  app/views/layouts/_signin.html.erb:4:in `block in _app_views_layouts__signin_html_erb___2630115299944626011_70303682835260'
  app/views/layouts/_signin.html.erb:3:in `_app_views_layouts__signin_html_erb___2630115299944626011_70303682835260'
  app/views/layouts/_header.html.erb:3:in `_app_views_layouts__header_html_erb___2512958493888376552_70303683053980'
  app/views/layouts/application.html.erb:11:in `_app_views_layouts_application_html_erb___2888253502309795611_70303677618440'

Rendered /Users/ktrantum/.rvm/gems/ruby-1.9.2-p290@rails3tutorial/gems/actionpack-3.1.0/lib/action_dispatch/middleware/templates/rescues/_trace.erb (1.3ms)
Rendered /Users/ktrantum/.rvm/gems/ruby-1.9.2-p290@rails3tutorial/gems/actionpack-3.1.0/lib/action_dispatch/middleware/templates/rescues/_request_and_response.erb (0.8ms)
Rendered /Users/ktrantum/.rvm/gems/ruby-1.9.2-p290@rails3tutorial/gems/actionpack-3.1.0/lib/action_dispatch/middleware/templates/rescues/template_error.erb within rescues/layout (4.0ms)
